<toplevel>
    <level1>
        <sublevel1>Test</sublevel1>
    </level1>
    <level2>
        <sublevel2>This is sample</sublevel2>
        <sublevel3>
            <greeting>Hej</greeting>Prashant!
        </sublevel3>
    </level2>
</toplevel>